2025-10-17 13:05:48,034 - main - INFO - üöÄ –ó–∞–ø—É—Å–∫ –±–æ—Ç–∞...
2025-10-17 13:05:48,034 - main - INFO - ‚úÖ –ù–∞—Å—Ç—Ä–æ–π–∫–∏ –∑–∞–≥—Ä—É–∂–µ–Ω—ã
2025-10-17 13:05:48,034 - main - INFO - üîß –ò–Ω–∏—Ü–∏–∞–ª–∏–∑–∞—Ü–∏—è –±–∞–∑—ã –¥–∞–Ω–Ω—ã—Ö...
2025-10-17 13:05:48,035 - main - INFO - ‚úÖ –ë–∞–∑–∞ –¥–∞–Ω–Ω—ã—Ö –≥–æ—Ç–æ–≤–∞!
2025-10-17 13:05:48,035 - main - INFO - ‚úÖ –ü–æ–¥–∫–ª—é—á–µ–Ω–∏–µ –∫ –±–∞–∑–µ –¥–∞–Ω–Ω—ã—Ö —É—Å—Ç–∞–Ω–æ–≤–ª–µ–Ω–æ
2025-10-17 13:05:48,042 - main - INFO - ‚úÖ –ë–æ—Ç –∏ –¥–∏—Å–ø–µ—Ç—á–µ—Ä –∏–Ω–∏—Ü–∏–∞–ª–∏–∑–∏—Ä–æ–≤–∞–Ω—ã
2025-10-17 13:05:48,045 - __main__ - INFO - üöÄ –ó–∞–ø—É—Å–∫ –±–æ—Ç–∞...
2025-10-17 13:05:48,045 - __main__ - INFO - ‚úÖ –ù–∞—Å—Ç—Ä–æ–π–∫–∏ –∑–∞–≥—Ä—É–∂–µ–Ω—ã
2025-10-17 13:05:48,045 - __main__ - INFO - üîß –ò–Ω–∏—Ü–∏–∞–ª–∏–∑–∞—Ü–∏—è –±–∞–∑—ã –¥–∞–Ω–Ω—ã—Ö...
2025-10-17 13:05:48,045 - __main__ - INFO - ‚úÖ –ë–∞–∑–∞ –¥–∞–Ω–Ω—ã—Ö –≥–æ—Ç–æ–≤–∞!
2025-10-17 13:05:48,045 - __main__ - INFO - ‚úÖ –ü–æ–¥–∫–ª—é—á–µ–Ω–∏–µ –∫ –±–∞–∑–µ –¥–∞–Ω–Ω—ã—Ö —É—Å—Ç–∞–Ω–æ–≤–ª–µ–Ω–æ
2025-10-17 13:05:48,050 - __main__ - INFO - ‚úÖ –ë–æ—Ç –∏ –¥–∏—Å–ø–µ—Ç—á–µ—Ä –∏–Ω–∏—Ü–∏–∞–ª–∏–∑–∏—Ä–æ–≤–∞–Ω—ã
2025-10-17 13:05:48,052 - __main__ - INFO - ü§ñ –ó–∞–ø—É—Å–∫ Telegram –±–æ—Ç–∞...
2025-10-17 13:05:48,052 - __main__ - INFO - üì° –ü–æ–¥–∫–ª—é—á–µ–Ω–∏–µ –∫ Telegram API...
2025-10-17 13:05:48,425 - aiogram - INFO - Bot: –°–∫–ª–∞–¥ –†–ë–° [@Mobile_Hub116_bot]
2025-10-17 13:05:48,664 - aiogram - WARNING - Updates were skipped successfully.
2025-10-17 13:05:48,664 - __main__ - INFO - üîÑ –ó–∞–ø—É—Å–∫ —Ñ–æ–Ω–æ–≤—ã—Ö –∑–∞–¥–∞—á...
2025-10-17 13:05:48,664 - __main__ - INFO - ‚úÖ –§–æ–Ω–æ–≤—ã–µ –∑–∞–¥–∞—á–∏ –∑–∞–ø—É—â–µ–Ω—ã
2025-10-17 13:05:48,664 - __main__ - INFO - üîÑ –§–æ–Ω–æ–≤–∞—è –∑–∞–¥–∞—á–∞ –∑–∞–ø—É—â–µ–Ω–∞
2025-10-17 13:05:48,664 - aiogram.dispatcher.dispatcher - INFO - Start polling.
2025-10-17 13:06:06,391 - aiogram.dispatcher.dispatcher - INFO - Stop polling...
2025-10-17 13:06:06,391 - aiogram.dispatcher.dispatcher - ERROR - Cause exception while getting updates.
Traceback (most recent call last):
  File "/openhands/micromamba/envs/openhands/lib/python3.12/site-packages/aiogram/bot/api.py", line 139, in make_request
    async with session.post(url, data=req, **kwargs) as response:
               ^^^^^^^^^^^^^^^^^^^^^^^^^^^^^^^^^^^^^
  File "/openhands/micromamba/envs/openhands/lib/python3.12/site-packages/aiohttp/client.py", line 1488, in __aenter__
    self._resp: _RetType = await self._coro
                           ^^^^^^^^^^^^^^^^
  File "/openhands/micromamba/envs/openhands/lib/python3.12/site-packages/aiohttp/client.py", line 770, in _request
    resp = await handler(req)
           ^^^^^^^^^^^^^^^^^^
  File "/openhands/micromamba/envs/openhands/lib/python3.12/site-packages/aiohttp/client.py", line 748, in _connect_and_send_request
    await resp.start(conn)
  File "/openhands/micromamba/envs/openhands/lib/python3.12/site-packages/aiohttp/client_reqrep.py", line 532, in start
    message, payload = await protocol.read()  # type: ignore[union-attr]
                       ^^^^^^^^^^^^^^^^^^^^^
  File "/openhands/micromamba/envs/openhands/lib/python3.12/site-packages/aiohttp/streams.py", line 672, in read
    await self._waiter
aiohttp.client_exceptions.ServerDisconnectedError: Server disconnected

During handling of the above exception, another exception occurred:

Traceback (most recent call last):
  File "/openhands/micromamba/envs/openhands/lib/python3.12/site-packages/aiogram/dispatcher/dispatcher.py", line 382, in start_polling
    updates = await self.bot.get_updates(
              ^^^^^^^^^^^^^^^^^^^^^^^^^^^
  File "/openhands/micromamba/envs/openhands/lib/python3.12/site-packages/aiogram/bot/bot.py", line 110, in get_updates
    result = await self.request(api.Methods.GET_UPDATES, payload)
             ^^^^^^^^^^^^^^^^^^^^^^^^^^^^^^^^^^^^^^^^^^^^^^^^^^^^
  File "/openhands/micromamba/envs/openhands/lib/python3.12/site-packages/aiogram/bot/base.py", line 236, in request
    return await api.make_request(await self.get_session(), self.server, self.__token, method, data, files,
           ^^^^^^^^^^^^^^^^^^^^^^^^^^^^^^^^^^^^^^^^^^^^^^^^^^^^^^^^^^^^^^^^^^^^^^^^^^^^^^^^^^^^^^^^^^^^^^^^
  File "/openhands/micromamba/envs/openhands/lib/python3.12/site-packages/aiogram/bot/api.py", line 142, in make_request
    raise exceptions.NetworkError(f"aiohttp client throws an error: {e.__class__.__name__}: {e}")
aiogram.utils.exceptions.NetworkError: Aiohttp client throws an error: ServerDisconnectedError: Server disconnected
2025-10-17 13:06:06,394 - aiogram - WARNING - Goodbye!
2025-10-17 13:17:23,589 - main - INFO - üöÄ –ó–∞–ø—É—Å–∫ –±–æ—Ç–∞...
2025-10-17 13:17:23,589 - main - INFO - ‚úÖ –ù–∞—Å—Ç—Ä–æ–π–∫–∏ –∑–∞–≥—Ä—É–∂–µ–Ω—ã
2025-10-17 13:17:23,589 - main - INFO - üîß –ò–Ω–∏—Ü–∏–∞–ª–∏–∑–∞—Ü–∏—è –±–∞–∑—ã –¥–∞–Ω–Ω—ã—Ö...
2025-10-17 13:17:23,590 - main - INFO - ‚úÖ –ë–∞–∑–∞ –¥–∞–Ω–Ω—ã—Ö –≥–æ—Ç–æ–≤–∞!
2025-10-17 13:17:23,590 - main - INFO - ‚úÖ –ü–æ–¥–∫–ª—é—á–µ–Ω–∏–µ –∫ –±–∞–∑–µ –¥–∞–Ω–Ω—ã—Ö —É—Å—Ç–∞–Ω–æ–≤–ª–µ–Ω–æ
2025-10-17 13:17:23,597 - main - INFO - ‚úÖ –ë–æ—Ç –∏ –¥–∏—Å–ø–µ—Ç—á–µ—Ä –∏–Ω–∏—Ü–∏–∞–ª–∏–∑–∏—Ä–æ–≤–∞–Ω—ã
2025-10-17 13:17:23,600 - __main__ - INFO - üöÄ –ó–∞–ø—É—Å–∫ –±–æ—Ç–∞...
2025-10-17 13:17:23,600 - __main__ - INFO - ‚úÖ –ù–∞—Å—Ç—Ä–æ–π–∫–∏ –∑–∞–≥—Ä—É–∂–µ–Ω—ã
2025-10-17 13:17:23,600 - __main__ - INFO - üîß –ò–Ω–∏—Ü–∏–∞–ª–∏–∑–∞—Ü–∏—è –±–∞–∑—ã –¥–∞–Ω–Ω—ã—Ö...
2025-10-17 13:17:23,601 - __main__ - INFO - ‚úÖ –ë–∞–∑–∞ –¥–∞–Ω–Ω—ã—Ö –≥–æ—Ç–æ–≤–∞!
2025-10-17 13:17:23,601 - __main__ - INFO - ‚úÖ –ü–æ–¥–∫–ª—é—á–µ–Ω–∏–µ –∫ –±–∞–∑–µ –¥–∞–Ω–Ω—ã—Ö —É—Å—Ç–∞–Ω–æ–≤–ª–µ–Ω–æ
2025-10-17 13:17:23,606 - __main__ - INFO - ‚úÖ –ë–æ—Ç –∏ –¥–∏—Å–ø–µ—Ç—á–µ—Ä –∏–Ω–∏—Ü–∏–∞–ª–∏–∑–∏—Ä–æ–≤–∞–Ω—ã
2025-10-17 13:17:23,608 - __main__ - INFO - ü§ñ –ó–∞–ø—É—Å–∫ Telegram –±–æ—Ç–∞...
2025-10-17 13:17:23,608 - __main__ - INFO - üì° –ü–æ–¥–∫–ª—é—á–µ–Ω–∏–µ –∫ Telegram API...
2025-10-17 13:17:23,982 - aiogram - INFO - Bot: –°–∫–ª–∞–¥ –†–ë–° [@Mobile_Hub116_bot]
2025-10-17 13:17:24,222 - aiogram - WARNING - Updates were skipped successfully.
2025-10-17 13:17:24,223 - __main__ - INFO - üîÑ –ó–∞–ø—É—Å–∫ —Ñ–æ–Ω–æ–≤—ã—Ö –∑–∞–¥–∞—á...
2025-10-17 13:17:24,223 - __main__ - INFO - ‚úÖ –§–æ–Ω–æ–≤—ã–µ –∑–∞–¥–∞—á–∏ –∑–∞–ø—É—â–µ–Ω—ã
2025-10-17 13:17:24,223 - __main__ - INFO - üîÑ –§–æ–Ω–æ–≤–∞—è –∑–∞–¥–∞—á–∞ –∑–∞–ø—É—â–µ–Ω–∞
2025-10-17 13:17:24,223 - aiogram.dispatcher.dispatcher - INFO - Start polling.
